TN:
SF:./src/client/app/account/account.module.js
FN:1,(anonymous_1)
FNF:1
FNH:1
FNDA:1,(anonymous_1)
DA:1,1
DA:4,1
LF:2
LH:2
BRF:0
BRH:0
end_of_record
TN:
SF:./src/client/app/app.module.js
FN:1,(anonymous_1)
FNF:1
FNH:1
FNDA:1,(anonymous_1)
DA:1,1
DA:4,1
LF:2
LH:2
BRF:0
BRH:0
end_of_record
TN:
SF:./src/client/app/blocks/exception/exception.module.js
FN:1,(anonymous_1)
FNF:1
FNH:1
FNDA:1,(anonymous_1)
DA:1,1
DA:4,1
LF:2
LH:2
BRF:0
BRH:0
end_of_record
TN:
SF:./src/client/app/blocks/logger/logger.module.js
FN:1,(anonymous_1)
FNF:1
FNH:1
FNDA:1,(anonymous_1)
DA:1,1
DA:4,1
LF:2
LH:2
BRF:0
BRH:0
end_of_record
TN:
SF:./src/client/app/blocks/router/router.module.js
FN:1,(anonymous_1)
FNF:1
FNH:1
FNDA:1,(anonymous_1)
DA:1,1
DA:4,1
LF:2
LH:2
BRF:0
BRH:0
end_of_record
TN:
SF:./src/client/app/blocks/settings/settings.module.js
FN:1,(anonymous_1)
FNF:1
FNH:1
FNDA:1,(anonymous_1)
DA:1,1
DA:4,1
LF:2
LH:2
BRF:0
BRH:0
end_of_record
TN:
SF:./src/client/app/core/core.module.js
FN:1,(anonymous_1)
FNF:1
FNH:1
FNDA:1,(anonymous_1)
DA:1,1
DA:4,1
LF:2
LH:2
BRF:0
BRH:0
end_of_record
TN:
SF:./src/client/app/data-services/data-services.module.js
FN:1,(anonymous_1)
FNF:1
FNH:1
FNDA:1,(anonymous_1)
DA:1,1
DA:4,1
LF:2
LH:2
BRF:0
BRH:0
end_of_record
TN:
SF:./src/client/app/home/home.module.js
FN:1,(anonymous_1)
FNF:1
FNH:1
FNDA:1,(anonymous_1)
DA:1,1
DA:4,1
LF:2
LH:2
BRF:0
BRH:0
end_of_record
TN:
SF:./src/client/app/layout/layout.module.js
FN:1,(anonymous_1)
FNF:1
FNH:1
FNDA:1,(anonymous_1)
DA:1,1
DA:4,1
LF:2
LH:2
BRF:0
BRH:0
end_of_record
TN:
SF:./src/client/app/videos/videos.module.js
FN:1,(anonymous_1)
FNF:1
FNH:1
FNDA:1,(anonymous_1)
DA:1,1
DA:4,1
LF:2
LH:2
BRF:0
BRH:0
end_of_record
TN:
SF:./src/client/app/widgets/widgets.module.js
FN:1,(anonymous_1)
FNF:1
FNH:1
FNDA:1,(anonymous_1)
DA:1,1
DA:4,1
LF:2
LH:2
BRF:0
BRH:0
end_of_record
TN:
SF:./src/client/app/account/login/login.controller.js
FN:1,(anonymous_1)
FN:13,LoginController
FN:23,(anonymous_3)
FN:27,close
FN:32,login
FN:37,(anonymous_6)
FN:49,(anonymous_7)
FN:55,getDefaultRoute
FN:56,(anonymous_9)
FN:62,logout
FN:64,(anonymous_11)
FN:66,(anonymous_12)
FNF:12
FNH:1
FNDA:1,(anonymous_1)
FNDA:0,LoginController
FNDA:0,(anonymous_3)
FNDA:0,close
FNDA:0,login
FNDA:0,(anonymous_6)
FNDA:0,(anonymous_7)
FNDA:0,getDefaultRoute
FNDA:0,(anonymous_9)
FNDA:0,logout
FNDA:0,(anonymous_11)
FNDA:0,(anonymous_12)
DA:1,1
DA:4,1
DA:8,1
DA:13,1
DA:16,0
DA:17,0
DA:18,0
DA:19,0
DA:20,0
DA:23,0
DA:24,0
DA:27,1
DA:28,0
DA:32,1
DA:34,0
DA:36,0
DA:39,0
DA:41,0
DA:42,0
DA:43,0
DA:46,0
DA:47,0
DA:50,0
DA:55,1
DA:56,0
DA:57,0
DA:62,1
DA:63,0
DA:65,0
DA:67,0
DA:72,0
LF:31
LH:8
BRDA:41,1,0,0
BRDA:41,1,1,0
BRDA:41,2,0,0
BRDA:41,2,1,0
BRDA:41,3,0,0
BRDA:41,3,1,0
BRDA:57,4,0,0
BRDA:57,4,1,0
BRF:8
BRH:0
end_of_record
TN:
SF:./src/client/app/blocks/exception/exception-handler.provider.js
FN:3,(anonymous_1)
FN:14,exceptionHandlerProvider
FN:20,(anonymous_3)
FN:24,(anonymous_4)
FN:37,config
FN:50,extendExceptionHandler
FN:51,(anonymous_7)
FNF:7
FNH:7
FNDA:1,(anonymous_1)
FNDA:8,exceptionHandlerProvider
FNDA:5,(anonymous_3)
FNDA:10,(anonymous_4)
FNDA:8,config
FNDA:8,extendExceptionHandler
FNDA:1,(anonymous_7)
DA:3,1
DA:6,1
DA:14,1
DA:16,8
DA:20,8
DA:21,5
DA:24,8
DA:25,10
DA:29,1
DA:37,1
DA:38,8
DA:41,1
DA:50,1
DA:51,8
DA:52,1
DA:53,1
DA:54,1
DA:55,1
DA:66,0
DA:67,0
DA:69,0
LF:21
LH:18
BRDA:52,1,0,1
BRDA:52,1,1,0
BRDA:66,2,0,0
BRDA:66,2,1,0
BRF:4
BRH:1
end_of_record
TN:
SF:./src/client/app/blocks/exception/exception.js
FN:1,(anonymous_1)
FN:9,exception
FN:16,catcher
FN:17,(anonymous_4)
FN:37,parseErrors
FNF:5
FNH:1
FNDA:1,(anonymous_1)
FNDA:0,exception
FNDA:0,catcher
FNDA:0,(anonymous_4)
FNDA:0,parseErrors
DA:1,1
DA:4,1
DA:9,1
DA:10,0
DA:14,0
DA:16,1
DA:17,0
DA:18,0
DA:19,0
DA:20,0
DA:21,0
DA:22,0
DA:24,0
DA:26,0
DA:27,0
DA:29,0
DA:32,0
DA:37,1
DA:38,0
DA:39,0
DA:40,0
DA:41,0
DA:48,0
DA:49,0
DA:55,0
LF:25
LH:5
BRDA:20,1,0,0
BRDA:20,1,1,0
BRDA:20,2,0,0
BRDA:20,2,1,0
BRDA:26,3,0,0
BRDA:26,3,1,0
BRDA:48,4,0,0
BRDA:48,4,1,0
BRDA:48,5,0,0
BRDA:48,5,1,0
BRF:10
BRH:0
end_of_record
TN:
SF:./src/client/app/blocks/logger/logger.js
FN:1,(anonymous_1)
FN:11,logger
FN:27,error
FN:32,info
FN:37,success
FN:42,warning
FNF:6
FNH:2
FNDA:1,(anonymous_1)
FNDA:8,logger
FNDA:0,error
FNDA:0,info
FNDA:0,success
FNDA:0,warning
DA:1,1
DA:4,1
DA:8,1
DA:11,1
DA:12,8
DA:24,8
DA:27,1
DA:28,0
DA:29,0
DA:32,1
DA:33,0
DA:34,0
DA:37,1
DA:38,0
DA:39,0
DA:42,1
DA:43,0
DA:44,0
LF:18
LH:10
BRF:0
BRH:0
end_of_record
TN:
SF:./src/client/app/blocks/router/router-helper.provider.js
FN:2,(anonymous_1)
FN:11,routerHelperProvider
FN:24,(anonymous_3)
FN:31,RouterHelper
FN:51,configureStates
FN:52,(anonymous_6)
FN:63,handleRoutingErrors
FN:68,(anonymous_8)
FN:87,handleAuthProtectedRoutes
FN:89,(anonymous_10)
FN:99,init
FN:107,getStates
FN:109,updateDocTitle
FN:111,(anonymous_14)
FN:120,shellPageCondition
FN:121,(anonymous_16)
FN:127,(anonymous_17)
FN:133,homePageCondition
FN:135,(anonymous_19)
FN:141,(anonymous_20)
FNF:20
FNH:1
FNDA:1,(anonymous_1)
FNDA:0,routerHelperProvider
FNDA:0,(anonymous_3)
FNDA:0,RouterHelper
FNDA:0,configureStates
FNDA:0,(anonymous_6)
FNDA:0,handleRoutingErrors
FNDA:0,(anonymous_8)
FNDA:0,handleAuthProtectedRoutes
FNDA:0,(anonymous_10)
FNDA:0,init
FNDA:0,getStates
FNDA:0,updateDocTitle
FNDA:0,(anonymous_14)
FNDA:0,shellPageCondition
FNDA:0,(anonymous_16)
FNDA:0,(anonymous_17)
FNDA:0,homePageCondition
FNDA:0,(anonymous_19)
FNDA:0,(anonymous_20)
DA:2,1
DA:5,1
DA:9,1
DA:11,1
DA:13,0
DA:18,0
DA:19,0
DA:22,0
DA:24,0
DA:25,0
DA:28,0
DA:29,0
DA:31,1
DA:32,0
DA:33,0
DA:34,0
DA:39,0
DA:45,0
DA:47,0
DA:51,1
DA:52,0
DA:53,0
DA:55,0
DA:57,0
DA:58,0
DA:59,0
DA:63,1
DA:67,0
DA:69,0
DA:70,0
DA:72,0
DA:73,0
DA:74,0
DA:75,0
DA:78,0
DA:81,0
DA:82,0
DA:87,1
DA:88,0
DA:90,0
DA:91,0
DA:92,0
DA:99,1
DA:100,0
DA:101,0
DA:102,0
DA:103,0
DA:104,0
DA:107,1
DA:109,1
DA:110,0
DA:112,0
DA:113,0
DA:114,0
DA:115,0
DA:120,1
DA:121,0
DA:122,0
DA:127,0
DA:128,0
DA:133,1
DA:135,0
DA:136,0
DA:141,0
DA:142,0
LF:65
LH:13
BRDA:18,1,0,0
BRDA:18,1,1,0
BRDA:18,2,0,0
BRDA:18,2,1,0
BRDA:54,3,0,0
BRDA:54,3,1,0
BRDA:57,4,0,0
BRDA:57,4,1,0
BRDA:57,5,0,0
BRDA:57,5,1,0
BRDA:69,6,0,0
BRDA:69,6,1,0
BRDA:72,7,0,0
BRDA:72,7,1,0
BRDA:75,8,0,0
BRDA:75,8,1,0
BRDA:75,8,2,0
BRDA:75,8,3,0
BRDA:75,8,4,0
BRDA:79,9,0,0
BRDA:79,9,1,0
BRDA:79,10,0,0
BRDA:79,10,1,0
BRDA:80,11,0,0
BRDA:80,11,1,0
BRDA:90,12,0,0
BRDA:90,12,1,0
BRDA:90,13,0,0
BRDA:90,13,1,0
BRDA:114,14,0,0
BRDA:114,14,1,0
BRDA:122,15,0,0
BRDA:122,15,1,0
BRDA:122,15,2,0
BRDA:136,16,0,0
BRDA:136,16,1,0
BRDA:136,16,2,0
BRF:37
BRH:0
end_of_record
TN:
SF:./src/client/app/blocks/settings/settings.js
FN:2,(anonymous_1)
FNF:1
FNH:1
FNDA:1,(anonymous_1)
DA:2,1
DA:5,1
LF:2
LH:2
BRF:0
BRH:0
end_of_record
TN:
SF:./src/client/app/core/auth/auth.interceptor.config.js
FN:1,(anonymous_1)
FN:11,configure
FN:17,loadAuthData
FNF:3
FNH:1
FNDA:1,(anonymous_1)
FNDA:0,configure
FNDA:0,loadAuthData
DA:1,1
DA:4,1
DA:6,1
DA:8,1
DA:11,1
DA:12,0
DA:15,1
DA:17,1
DA:18,0
LF:9
LH:7
BRF:0
BRH:0
end_of_record
TN:
SF:./src/client/app/core/auth/auth.interceptor.js
FN:1,(anonymous_1)
FN:10,authInterceptorService
FN:19,request
FN:32,responseError
FNF:4
FNH:1
FNDA:1,(anonymous_1)
FNDA:0,authInterceptorService
FNDA:0,request
FNDA:0,responseError
DA:1,1
DA:4,1
DA:8,1
DA:10,1
DA:11,0
DA:16,0
DA:19,1
DA:21,0
DA:23,0
DA:24,0
DA:25,0
DA:28,0
DA:32,1
DA:33,0
DA:34,0
DA:36,0
LF:16
LH:6
BRDA:21,1,0,0
BRDA:21,1,1,0
BRDA:24,2,0,0
BRDA:24,2,1,0
BRDA:33,3,0,0
BRDA:33,3,1,0
BRF:6
BRH:0
end_of_record
TN:
SF:./src/client/app/core/auth/auth.service.js
FN:1,(anonymous_1)
FN:10,authService
FN:26,loginModal
FN:38,(anonymous_4)
FN:44,(anonymous_5)
FN:54,login
FN:64,(anonymous_7)
FN:77,(anonymous_8)
FN:85,loadAuthData
FN:95,logout
FN:106,(anonymous_11)
FN:116,(anonymous_12)
FNF:12
FNH:1
FNDA:1,(anonymous_1)
FNDA:0,authService
FNDA:0,loginModal
FNDA:0,(anonymous_4)
FNDA:0,(anonymous_5)
FNDA:0,login
FNDA:0,(anonymous_7)
FNDA:0,(anonymous_8)
FNDA:0,loadAuthData
FNDA:0,logout
FNDA:0,(anonymous_11)
FNDA:0,(anonymous_12)
DA:1,1
DA:4,1
DA:8,1
DA:10,1
DA:12,0
DA:23,0
DA:26,1
DA:28,0
DA:29,0
DA:31,0
DA:39,0
DA:44,0
DA:45,0
DA:54,1
DA:56,0
DA:59,0
DA:61,0
DA:63,0
DA:67,0
DA:72,0
DA:73,0
DA:74,0
DA:76,0
DA:78,0
DA:81,0
DA:85,1
DA:87,0
DA:88,0
DA:89,0
DA:90,0
DA:95,1
DA:98,0
DA:101,0
DA:103,0
DA:105,0
DA:109,0
DA:111,0
DA:112,0
DA:113,0
DA:115,0
DA:117,0
DA:120,0
LF:42
LH:8
BRDA:28,1,0,0
BRDA:28,1,1,0
BRDA:88,2,0,0
BRDA:88,2,1,0
BRDA:88,3,0,0
BRDA:88,3,1,0
BRDA:105,4,0,0
BRDA:105,4,1,0
BRF:8
BRH:0
end_of_record
TN:
SF:./src/client/app/core/config.js
FN:1,(anonymous_1)
FN:10,toastrConfig
FN:26,configure
FNF:3
FNH:1
FNDA:1,(anonymous_1)
FNDA:0,toastrConfig
FNDA:0,configure
DA:1,1
DA:4,1
DA:6,1
DA:8,1
DA:10,1
DA:11,0
DA:12,0
DA:15,1
DA:20,1
DA:22,1
DA:24,1
DA:26,1
DA:27,0
DA:28,0
DA:30,0
DA:31,0
LF:16
LH:10
BRDA:27,1,0,0
BRDA:27,1,1,0
BRF:2
BRH:0
end_of_record
TN:
SF:./src/client/app/core/constants.js
FN:2,(anonymous_1)
FNF:1
FNH:1
FNDA:1,(anonymous_1)
DA:2,1
DA:5,1
LF:2
LH:2
BRF:0
BRH:0
end_of_record
TN:
SF:./src/client/app/core/core.route.js
FN:1,(anonymous_1)
FN:9,appRun
FN:14,getStates
FNF:3
FNH:1
FNDA:1,(anonymous_1)
FNDA:0,appRun
FNDA:0,getStates
DA:1,1
DA:4,1
DA:9,1
DA:10,0
DA:11,0
DA:14,1
DA:15,0
LF:7
LH:4
BRF:0
BRH:0
end_of_record
TN:
SF:./src/client/app/core/dataservice.js
FN:1,(anonymous_1)
FN:10,dataservice
FN:18,getMessageCount
FN:20,getPeople
FN:25,success
FN:29,fail
FNF:6
FNH:1
FNDA:1,(anonymous_1)
FNDA:0,dataservice
FNDA:0,getMessageCount
FNDA:0,getPeople
FNDA:0,success
FNDA:0,fail
DA:1,1
DA:4,1
DA:8,1
DA:10,1
DA:11,0
DA:16,0
DA:18,1
DA:20,1
DA:21,0
DA:25,1
DA:26,0
DA:29,1
DA:30,0
LF:13
LH:8
BRF:0
BRH:0
end_of_record
TN:
SF:./src/client/app/core/tracking/mixpanel.js
FN:1,(anonymous_1)
FN:4,(anonymous_2)
FN:7,(anonymous_3)
FN:8,(anonymous_4)
FNF:4
FNH:1
FNDA:1,(anonymous_1)
FNDA:0,(anonymous_2)
FNDA:0,(anonymous_3)
FNDA:0,(anonymous_4)
DA:1,1
DA:2,1
DA:3,1
DA:5,0
DA:8,0
DA:9,0
LF:6
LH:3
BRF:0
BRH:0
end_of_record
TN:
SF:./src/client/app/data-services/videos.service.js
FN:1,(anonymous_1)
FN:10,videosServices
FN:32,getVideos
FN:37,getVideosComplete
FN:41,getVideosFailed
FNF:5
FNH:1
FNDA:1,(anonymous_1)
FNDA:0,videosServices
FNDA:0,getVideos
FNDA:0,getVideosComplete
FNDA:0,getVideosFailed
DA:1,1
DA:4,1
DA:8,1
DA:10,1
DA:12,0
DA:14,0
DA:30,0
DA:32,1
DA:33,0
DA:37,1
DA:38,0
DA:41,1
DA:42,0
DA:43,0
LF:14
LH:7
BRF:0
BRH:0
end_of_record
TN:
SF:./src/client/app/home/home.controller.js
FN:1,(anonymous_1)
FN:10,HomeController
FN:16,activate
FN:27,(anonymous_4)
FNF:4
FNH:1
FNDA:1,(anonymous_1)
FNDA:0,HomeController
FNDA:0,activate
FNDA:0,(anonymous_4)
DA:1,1
DA:4,1
DA:8,1
DA:10,1
DA:11,0
DA:12,0
DA:14,0
DA:16,1
DA:18,0
DA:19,0
DA:22,0
DA:26,0
DA:27,0
DA:28,0
LF:14
LH:5
BRDA:18,1,0,0
BRDA:18,1,1,0
BRDA:26,2,0,0
BRDA:26,2,1,0
BRF:4
BRH:0
end_of_record
TN:
SF:./src/client/app/home/home.route.js
FN:1,(anonymous_1)
FN:10,appRun
FN:14,getStates
FNF:3
FNH:1
FNDA:1,(anonymous_1)
FNDA:0,appRun
FNDA:0,getStates
DA:1,1
DA:4,1
DA:8,1
DA:10,1
DA:11,0
DA:14,1
DA:15,0
LF:7
LH:5
BRF:0
BRH:0
end_of_record
TN:
SF:./src/client/app/layout/header/header.controller.js
FN:1,(anonymous_1)
FN:12,HeaderController
FN:26,activate
FN:31,logoff
FN:32,(anonymous_5)
FN:34,(anonymous_6)
FNF:6
FNH:1
FNDA:1,(anonymous_1)
FNDA:0,HeaderController
FNDA:0,activate
FNDA:0,logoff
FNDA:0,(anonymous_5)
FNDA:0,(anonymous_6)
DA:1,1
DA:4,1
DA:8,1
DA:12,1
DA:15,0
DA:17,0
DA:18,0
DA:19,0
DA:20,0
DA:23,0
DA:26,1
DA:31,1
DA:32,0
DA:33,0
DA:35,0
LF:15
LH:6
BRF:0
BRH:0
end_of_record
TN:
SF:./src/client/app/layout/ht-sidebar.directive.js
FN:1,(anonymous_1)
FN:9,htSidebar
FN:25,link
FN:31,dropdown
FNF:4
FNH:1
FNDA:1,(anonymous_1)
FNDA:0,htSidebar
FNDA:0,link
FNDA:0,dropdown
DA:1,1
DA:4,1
DA:9,1
DA:16,0
DA:23,0
DA:25,1
DA:26,0
DA:27,0
DA:28,0
DA:29,0
DA:31,1
DA:32,0
DA:33,0
DA:34,0
DA:35,0
DA:36,0
DA:37,0
DA:38,0
DA:39,0
LF:19
LH:5
BRDA:34,1,0,0
BRDA:34,1,1,0
BRDA:37,2,0,0
BRDA:37,2,1,0
BRF:4
BRH:0
end_of_record
TN:
SF:./src/client/app/layout/ht-top-nav.directive.js
FN:1,(anonymous_1)
FN:9,htTopNav
FN:24,TopNavController
FNF:3
FNH:1
FNDA:1,(anonymous_1)
FNDA:0,htTopNav
FNDA:0,TopNavController
DA:1,1
DA:4,1
DA:9,1
DA:10,0
DA:21,0
DA:24,1
DA:25,0
DA:26,0
DA:29,0
LF:9
LH:4
BRF:0
BRH:0
end_of_record
TN:
SF:./src/client/app/layout/shell.controller.js
FN:1,(anonymous_1)
FN:10,ShellController
FN:17,activate
FNF:3
FNH:1
FNDA:1,(anonymous_1)
FNDA:0,ShellController
FNDA:0,activate
DA:1,1
DA:4,1
DA:8,1
DA:10,1
DA:11,0
DA:13,0
DA:15,0
DA:17,1
DA:18,0
DA:20,0
DA:24,0
LF:11
LH:5
BRDA:18,1,0,0
BRDA:18,1,1,0
BRF:2
BRH:0
end_of_record
TN:
SF:./src/client/app/layout/sidebar/sidebar.controller.js
FN:1,(anonymous_1)
FN:10,SidebarController
FN:18,activate
FN:20,getNavRoutes
FN:21,(anonymous_5)
FN:23,(anonymous_6)
FN:28,isCurrent
FN:46,getRootNav
FNF:8
FNH:1
FNDA:1,(anonymous_1)
FNDA:0,SidebarController
FNDA:0,activate
FNDA:0,getNavRoutes
FNDA:0,(anonymous_5)
FNDA:0,(anonymous_6)
FNDA:0,isCurrent
FNDA:0,getRootNav
DA:1,1
DA:4,1
DA:8,1
DA:10,1
DA:11,0
DA:12,0
DA:13,0
DA:14,0
DA:16,0
DA:18,1
DA:20,1
DA:21,0
DA:22,0
DA:24,0
DA:28,1
DA:30,0
DA:32,0
DA:33,0
DA:36,0
DA:37,0
DA:40,0
DA:41,0
DA:46,1
DA:48,0
DA:49,0
DA:52,0
DA:54,0
DA:55,0
DA:56,0
DA:61,0
LF:30
LH:8
BRDA:22,1,0,0
BRDA:22,1,1,0
BRDA:32,2,0,0
BRDA:32,2,1,0
BRDA:33,3,0,0
BRDA:33,3,1,0
BRDA:36,4,0,0
BRDA:36,4,1,0
BRDA:36,5,0,0
BRDA:36,5,1,0
BRDA:36,5,2,0
BRDA:41,6,0,0
BRDA:41,6,1,0
BRDA:48,7,0,0
BRDA:48,7,1,0
BRDA:52,8,0,0
BRDA:52,8,1,0
BRDA:55,9,0,0
BRDA:55,9,1,0
BRF:19
BRH:0
end_of_record
TN:
SF:./src/client/app/login-signup-cta/login-signup-cta.controller.js
FN:1,(anonymous_1)
FN:10,LoginSignupCtaController
FN:16,login
FN:20,signup
FNF:4
FNH:1
FNDA:1,(anonymous_1)
FNDA:0,LoginSignupCtaController
FNDA:0,login
FNDA:0,signup
DA:1,1
DA:4,1
DA:8,1
DA:10,1
DA:11,0
DA:12,0
DA:13,0
DA:16,1
DA:17,0
DA:20,1
DA:21,0
LF:11
LH:6
BRF:0
BRH:0
end_of_record
TN:
SF:./src/client/app/videos/videos.controller.js
FN:1,(anonymous_1)
FN:10,VideosController
FN:25,activate
FN:30,validateSession
FN:38,getVideos
FN:40,(anonymous_6)
FN:45,(anonymous_7)
FN:53,averageRate
FN:59,calculateAverageRating
FN:94,(anonymous_10)
FNF:10
FNH:1
FNDA:1,(anonymous_1)
FNDA:0,VideosController
FNDA:0,activate
FNDA:0,validateSession
FNDA:0,getVideos
FNDA:0,(anonymous_6)
FNDA:0,(anonymous_7)
FNDA:0,averageRate
FNDA:0,calculateAverageRating
FNDA:0,(anonymous_10)
DA:1,1
DA:4,1
DA:8,1
DA:10,1
DA:11,0
DA:12,0
DA:16,0
DA:17,0
DA:18,0
DA:19,0
DA:20,0
DA:21,0
DA:22,0
DA:23,0
DA:25,1
DA:26,0
DA:27,0
DA:30,1
DA:31,0
DA:32,0
DA:34,0
DA:38,1
DA:39,0
DA:40,0
DA:41,0
DA:42,0
DA:43,0
DA:46,0
DA:53,1
DA:54,0
DA:55,0
DA:59,1
DA:60,0
DA:61,0
DA:62,0
DA:64,0
DA:65,0
DA:86,0
DA:94,0
LF:39
LH:9
BRDA:31,1,0,0
BRDA:31,1,1,0
BRDA:41,2,0,0
BRDA:41,2,1,0
BRF:4
BRH:0
end_of_record
TN:
SF:./src/client/app/videos/videos.route.js
FN:1,(anonymous_1)
FN:10,appRun
FN:14,getStates
FNF:3
FNH:1
FNDA:1,(anonymous_1)
FNDA:0,appRun
FNDA:0,getStates
DA:1,1
DA:4,1
DA:8,1
DA:10,1
DA:11,0
DA:14,1
DA:15,0
LF:7
LH:5
BRF:0
BRH:0
end_of_record
TN:
SF:./src/client/app/widgets/add-this.directive.js
FN:1,(anonymous_1)
FN:10,addthisToolbox
FN:16,(anonymous_3)
FNF:3
FNH:1
FNDA:1,(anonymous_1)
FNDA:0,addthisToolbox
FNDA:0,(anonymous_3)
DA:1,1
DA:4,1
DA:8,1
DA:10,1
DA:11,0
DA:17,0
DA:18,0
LF:7
LH:4
BRF:0
BRH:0
end_of_record
TN:
SF:./src/client/app/widgets/hcChart.directive.js
FN:1,(anonymous_1)
FN:10,hcChart
FN:17,(anonymous_3)
FNF:3
FNH:1
FNDA:1,(anonymous_1)
FNDA:0,hcChart
FNDA:0,(anonymous_3)
DA:1,1
DA:4,1
DA:8,1
DA:10,1
DA:11,0
DA:18,0
LF:6
LH:4
BRF:0
BRH:0
end_of_record
TN:
SF:./src/client/app/widgets/hcPieChart.directive.js
FN:1,(anonymous_1)
FN:10,hcPieChart
FN:18,(anonymous_3)
FN:19,(anonymous_4)
FNF:4
FNH:1
FNDA:1,(anonymous_1)
FNDA:0,hcPieChart
FNDA:0,(anonymous_3)
FNDA:0,(anonymous_4)
DA:1,1
DA:4,1
DA:8,1
DA:10,1
DA:11,0
DA:19,0
DA:20,0
LF:7
LH:4
BRF:0
BRH:0
end_of_record
TN:
SF:./src/client/app/widgets/ht-img-person.directive.js
FN:1,(anonymous_1)
FN:10,htImgPerson
FN:21,link
FN:22,(anonymous_4)
FNF:4
FNH:1
FNDA:1,(anonymous_1)
FNDA:0,htImgPerson
FNDA:0,link
FNDA:0,(anonymous_4)
DA:1,1
DA:4,1
DA:8,1
DA:10,1
DA:13,0
DA:14,0
DA:15,0
DA:19,0
DA:21,1
DA:22,0
DA:23,0
DA:24,0
LF:12
LH:5
BRDA:23,1,0,0
BRDA:23,1,1,0
BRF:2
BRH:0
end_of_record
TN:
SF:./src/client/app/widgets/ht-widget-header.directive.js
FN:1,(anonymous_1)
FN:9,htWidgetHeader
FN:29,link
FN:30,(anonymous_4)
FNF:4
FNH:1
FNDA:1,(anonymous_1)
FNDA:0,htWidgetHeader
FNDA:0,link
FNDA:0,(anonymous_4)
DA:1,1
DA:4,1
DA:9,1
DA:16,0
DA:27,0
DA:29,1
DA:30,0
DA:31,0
DA:32,0
DA:33,0
LF:10
LH:4
BRDA:31,1,0,0
BRDA:31,1,1,0
BRF:2
BRH:0
end_of_record
